19:43:14 INFO  : Launching XSCT server: xsct -n  -interactive /home/zxy/Documents/zynq7010_axidma_axiuartlite/axidma_axiuartlite_vitis/temp_xsdb_launch_script.tcl
19:44:08 INFO  : XSCT server has started successfully.
19:44:08 INFO  : Successfully done setting XSCT server connection channel  
19:44:59 INFO  : plnx-install-location is set to ''
19:45:00 INFO  : Successfully done setting workspace for the tool. 
19:45:00 INFO  : Successfully done query RDI_DATADIR 
19:45:39 INFO  : Registering command handlers for Vitis TCF services
20:16:32 INFO  : Checking for BSP changes to sync application flags for project 'uartlite_test'...
07:26:43 INFO  : Removed '/home/zxy/Documents/zynq7010_axidma_axiuartlite/axidma_axiuartlite_vitis/system_top/export/system_top' from custom platform repositories.
09:32:55 INFO  : Successfully done sdx_reload_mss "/home/zxy/Documents/zynq7010_axidma_axiuartlite/axidma_axiuartlite_vitis/axidma_axiuartlite_pfm/zynq_fsbl/zynq_fsbl_bsp/system.mss"
09:32:55 INFO  : Successfully done sdx_reload_mss "/home/zxy/Documents/zynq7010_axidma_axiuartlite/axidma_axiuartlite_vitis/axidma_axiuartlite_pfm/ps7_cortexa9_0/standalone_domain/bsp/system.mss"
12:58:41 INFO  : Launching XSCT server: xsct -n  -interactive /home/zxy/Documents/zynq7010_axidma_axiuartlite/axidma_axiuartlite_vitis/temp_xsdb_launch_script.tcl
12:58:53 INFO  : XSCT server has started successfully.
12:58:53 INFO  : Successfully done setting XSCT server connection channel  
12:58:53 INFO  : plnx-install-location is set to ''
12:58:53 INFO  : Successfully done setting workspace for the tool. 
12:58:55 INFO  : Registering command handlers for Vitis TCF services
12:59:17 INFO  : Successfully done query RDI_DATADIR 
21:03:38 INFO  : Launching XSCT server: xsct -n  -interactive /home/zxy/Documents/zynq7010_axidma_axiuartlite/axidma_axiuartlite_vitis/temp_xsdb_launch_script.tcl
21:03:42 INFO  : XSCT server has started successfully.
21:03:42 INFO  : Successfully done setting XSCT server connection channel  
21:03:42 INFO  : plnx-install-location is set to ''
21:03:42 INFO  : Successfully done setting workspace for the tool. 
21:03:45 INFO  : Registering command handlers for Vitis TCF services
21:03:50 INFO  : Successfully done query RDI_DATADIR 
21:11:40 ERROR : (XSDB Server)ERROR: [Hsi 55-1571] The design file /home/zxy/Documents/zynq7010_axidma_axiuartlite/axidma_axiuartlite_vitis/axidma_axiuartlite_pfm/export/axidma_axiuartlite_pfm/hw/system_top.xsa is already opened

21:12:19 ERROR : (XSDB Server)ERROR: [Hsi 55-1571] The design file /home/zxy/Documents/zynq7010_axidma_axiuartlite/axidma_axiuartlite_vitis/axidma_axiuartlite_pfm/export/axidma_axiuartlite_pfm/hw/system_top.xsa is already opened

21:12:36 ERROR : (XSDB Server)ERROR: [Hsi 55-1571] The design file /home/zxy/Documents/zynq7010_axidma_axiuartlite/axidma_axiuartlite_vitis/axidma_axiuartlite_pfm/export/axidma_axiuartlite_pfm/hw/system_top.xsa is already opened

21:12:46 ERROR : (XSDB Server)ERROR: [Hsi 55-1571] The design file /home/zxy/Documents/zynq7010_axidma_axiuartlite/axidma_axiuartlite_vitis/axidma_axiuartlite_pfm/export/axidma_axiuartlite_pfm/hw/system_top.xsa is already opened

21:13:03 ERROR : (XSDB Server)ERROR: [Hsi 55-1571] The design file /home/zxy/Documents/zynq7010_axidma_axiuartlite/axidma_axiuartlite_vitis/axidma_axiuartlite_pfm/export/axidma_axiuartlite_pfm/hw/system_top.xsa is already opened

21:13:26 ERROR : (XSDB Server)ERROR: [Hsi 55-1571] The design file /home/zxy/Documents/zynq7010_axidma_axiuartlite/axidma_axiuartlite_vitis/axidma_axiuartlite_pfm/export/axidma_axiuartlite_pfm/hw/system_top.xsa is already opened

21:13:51 INFO  : Successfully done sdx_reload_mss "/home/zxy/Documents/zynq7010_axidma_axiuartlite/axidma_axiuartlite_vitis/axidma_axiuartlite_pfm/zynq_fsbl/zynq_fsbl_bsp/system.mss"
21:13:51 INFO  : Successfully done sdx_reload_mss "/home/zxy/Documents/zynq7010_axidma_axiuartlite/axidma_axiuartlite_vitis/axidma_axiuartlite_pfm/ps7_cortexa9_0/standalone_domain/bsp/system.mss"
