#-----------------------------------------------------------
# Vivado v2017.4 (64-bit)
# SW Build 2086221 on Fri Dec 15 20:55:39 MST 2017
# IP Build 2085800 on Fri Dec 15 22:25:07 MST 2017
# Start of session at: Sat Dec  3 10:31:26 2022
# Process ID: 29280
# Current directory: D:/Alinx/Alinx7010/Self_learning/axidma_axiuartlite
# Command line: vivado.exe -gui_launcher_event rodinguilauncherevent5796 D:\Alinx\Alinx7010\Self_learning\axidma_axiuartlite\axidma_axiuartlite.xpr
# Log file: D:/Alinx/Alinx7010/Self_learning/axidma_axiuartlite/vivado.log
# Journal file: D:/Alinx/Alinx7010/Self_learning/axidma_axiuartlite\vivado.jou
#-----------------------------------------------------------
start_gui
open_project D:/Alinx/Alinx7010/Self_learning/axidma_axiuartlite/axidma_axiuartlite.xpr
Scanning sources...
Finished scanning sources
INFO: [IP_Flow 19-234] Refreshing IP repositories
INFO: [IP_Flow 19-1704] No user IP repositories specified
INFO: [IP_Flow 19-2313] Loaded Vivado IP repository 'D:/Vivado2017.4/Vivado/2017.4/data/ip'.
open_project: Time (s): cpu = 00:00:21 ; elapsed = 00:00:32 . Memory (MB): peak = 1023.531 ; gain = 274.934
update_compile_order -fileset sources_1
