#-----------------------------------------------------------
# Webtalk v2019.2 (64-bit)
# SW Build 2708876 on Wed Nov  6 21:39:14 MST 2019
# 
# Start of session at: Thu Aug 25 12:35:10 2022
# Process ID: 27388
# Current directory: /home/zxy/Documents/zynq7010_axidma_axiuartlite/axidma_axiuartlite_vitis/webtalk
# Command line: wbtcv -mode batch -source vitis_webtalk.tcl
# Log file: /home/zxy/Documents/zynq7010_axidma_axiuartlite/axidma_axiuartlite_vitis/webtalk/webtalk.log
# Journal file: /home/zxy/Documents/zynq7010_axidma_axiuartlite/axidma_axiuartlite_vitis/webtalk/webtalk.jou
#-----------------------------------------------------------
source vitis_webtalk.tcl
# webtalk_init -webtalk_dir /home/zxy/Documents/zynq7010_axidma_axiuartlite/axidma_axiuartlite_vitis/webtalk
# webtalk_register_client -client project
# webtalk_add_data -client project -key date_generated -value "2022-08-25 12:35:07" -context "software_version_and_target_device"
# webtalk_add_data -client project -key product_version -value "Vitis v2019.2" -context "software_version_and_target_device"
# webtalk_add_data -client project -key build_version -value "2019.2" -context "software_version_and_target_device"
# webtalk_add_data -client project -key os_platform -value "amd64" -context "software_version_and_target_device"
# webtalk_add_data -client project -key registration_id -value "NA" -context "software_version_and_target_device"
# webtalk_add_data -client project -key tool_flow -value "Vitis" -context "software_version_and_target_device"
# webtalk_add_data -client project -key beta -value "false" -context "software_version_and_target_device"
# webtalk_add_data -client project -key route_design -value "NA" -context "software_version_and_target_device"
# webtalk_add_data -client project -key target_family -value "NA" -context "software_version_and_target_device"
# webtalk_add_data -client project -key target_device -value "NA" -context "software_version_and_target_device"
# webtalk_add_data -client project -key target_package -value "NA" -context "software_version_and_target_device"
# webtalk_add_data -client project -key target_speed -value "NA" -context "software_version_and_target_device"
# webtalk_add_data -client project -key random_id -value "fgs3fohlj74r1vpg9ae1up10cf" -context "software_version_and_target_device"
# webtalk_add_data -client project -key project_id -value "2019.2_8" -context "software_version_and_target_device"
# webtalk_add_data -client project -key project_iteration -value "8" -context "software_version_and_target_device"
# webtalk_add_data -client project -key os_name -value "Ubuntu" -context "user_environment"
# webtalk_add_data -client project -key os_release -value "Ubuntu 18.04.1 LTS" -context "user_environment"
# webtalk_add_data -client project -key cpu_name -value "Intel(R) Core(TM) i9-10900K CPU @ 3.70GHz" -context "user_environment"
# webtalk_add_data -client project -key cpu_speed -value "3695.997 MHz" -context "user_environment"
# webtalk_add_data -client project -key total_processors -value "16" -context "user_environment"
# webtalk_add_data -client project -key system_ram -value "16.793 GB" -context "user_environment"
# webtalk_register_client -client vitis
# webtalk_add_data -client vitis -key uid -value "1661350217000" -context "vitis\\\\application/1661350217000"
# webtalk_add_data -client vitis -key project_type -value "sdk" -context "vitis\\\\application/1661350217000"
# webtalk_add_data -client vitis -key os -value "standalone" -context "vitis\\\\application/1661350217000"
# webtalk_add_data -client vitis -key processor -value "ps7_cortexa9" -context "vitis\\\\application/1661350217000"
# webtalk_add_data -client vitis -key runtime -value "cpp" -context "vitis\\\\application/1661350217000"
# webtalk_add_data -client vitis -key template -value "sdk" -context "vitis\\\\application/1661350217000"
# webtalk_add_data -client vitis -key platform -value "NA" -context "vitis\\\\application/1661350217000"
# webtalk_add_data -client vitis -key platform_type -value "NA" -context "vitis\\\\application/1661350217000"
# webtalk_add_data -client vitis -key application_type -value "application" -context "vitis\\\\application/1661350217000"
# webtalk_add_data -client vitis -key platform_source -value "dsa" -context "vitis\\\\application/1661350217000"
# webtalk_add_data -client vitis -key device_family -value "NA" -context "vitis\\\\application/1661350217000"
# webtalk_add_data -client vitis -key fpga -value "7z010" -context "vitis\\\\application/1661350217000"
# webtalk_add_data -client vitis -key uid -value "1661392217000" -context "vitis\\\\platform/1661392217000"
# webtalk_add_data -client vitis -key platform_source -value "dsa" -context "vitis\\\\platform/1661392217000"
# webtalk_add_data -client vitis -key os -value "linux" -context "vitis\\\\platform/1661392217000"
# webtalk_add_data -client vitis -key processor -value "ps7_cortexa9" -context "vitis\\\\platform/1661392217000"
# webtalk_add_data -client vitis -key platform -value "NA" -context "vitis\\\\platform/1661392217000"
# webtalk_add_data -client vitis -key uid -value "1661398360000" -context "vitis\\\\platform/1661398360000"
# webtalk_add_data -client vitis -key platform_source -value "dsa" -context "vitis\\\\platform/1661398360000"
# webtalk_add_data -client vitis -key os -value "standalone" -context "vitis\\\\platform/1661398360000"
# webtalk_add_data -client vitis -key processor -value "ps7_cortexa9" -context "vitis\\\\platform/1661398360000"
# webtalk_add_data -client vitis -key platform -value "NA" -context "vitis\\\\platform/1661398360000"
# webtalk_add_data -client vitis -key platform_domain_count -value "3" -context "vitis\\\\platform/1661398360000"
# webtalk_add_data -client vitis -key platform_linux_domain_count -value "1" -context "vitis\\\\platform/1661398360000"
# webtalk_add_data -client vitis -key platform_baremetal_domain_count -value "2" -context "vitis\\\\platform/1661398360000"
# webtalk_add_data -client vitis -key platform_linux_build_flow_count -value "0" -context "vitis\\\\platform/1661398360000"
# webtalk_add_data -client vitis -key platform_custom_os_domain_count -value "0" -context "vitis\\\\platform/1661398360000"
# webtalk_add_data -client vitis -key uid -value "1661409088000" -context "vitis\\\\application/1661409088000"
# webtalk_add_data -client vitis -key project_type -value "sdk" -context "vitis\\\\application/1661409088000"
# webtalk_add_data -client vitis -key os -value "linux" -context "vitis\\\\application/1661409088000"
# webtalk_add_data -client vitis -key processor -value "cortex-a9" -context "vitis\\\\application/1661409088000"
# webtalk_add_data -client vitis -key runtime -value "C/C++" -context "vitis\\\\application/1661409088000"
# webtalk_add_data -client vitis -key template -value "sdk" -context "vitis\\\\application/1661409088000"
# webtalk_add_data -client vitis -key platform -value "custom" -context "vitis\\\\application/1661409088000"
# webtalk_add_data -client vitis -key platform_type -value "fixed" -context "vitis\\\\application/1661409088000"
# webtalk_add_data -client vitis -key application_type -value "application" -context "vitis\\\\application/1661409088000"
# webtalk_add_data -client vitis -key platform_source -value "platform" -context "vitis\\\\application/1661409088000"
# webtalk_add_data -client vitis -key device_family -value "zynq" -context "vitis\\\\application/1661409088000"
# webtalk_add_data -client vitis -key fpga -value "xc7z010" -context "vitis\\\\application/1661409088000"
# webtalk_add_data -client vitis -key uid -value "NA" -context "vitis\\\\tool/1661409307641"
# webtalk_add_data -client vitis -key RecordType -value "ToolUsage" -context "vitis\\\\tool/1661409307641"
# webtalk_add_data -client vitis -key BOOTGEN_count -value "0" -context "vitis\\\\tool/1661409307641"
# webtalk_add_data -client vitis -key FLASH_count -value "0" -context "vitis\\\\tool/1661409307641"
# webtalk_add_data -client vitis -key MOVE_APP_TO_SYSTEM_count -value "0" -context "vitis\\\\tool/1661409307641"
# webtalk_add_data -client vitis -key SDX_EXPORT_count -value "0" -context "vitis\\\\tool/1661409307641"
# webtalk_add_data -client vitis -key SDX_IMPORT_count -value "0" -context "vitis\\\\tool/1661409307641"
# webtalk_add_data -client vitis -key SDX_BUILD_count -value "1" -context "vitis\\\\tool/1661409307641"
# webtalk_add_data -client vitis -key SDX_NO_OP_BUILD_count -value "0" -context "vitis\\\\tool/1661409307641"
# webtalk_add_data -client vitis -key TCF_APP_DEBUG_count -value "0" -context "vitis\\\\tool/1661409307641"
# webtalk_add_data -client vitis -key TCF_SYSTEM_DEBUG_count -value "0" -context "vitis\\\\tool/1661409307641"
# webtalk_add_data -client vitis -key GDB_DEBUG_count -value "0" -context "vitis\\\\tool/1661409307641"
# webtalk_add_data -client vitis -key QEMU_DEBUG_count -value "0" -context "vitis\\\\tool/1661409307641"
# webtalk_add_data -client vitis -key ESTIMATION_DEBUG_count -value "0" -context "vitis\\\\tool/1661409307641"
# webtalk_add_data -client vitis -key SDSOC_TRACE_count -value "0" -context "vitis\\\\tool/1661409307641"
# webtalk_add_data -client vitis -key PERFORMANCE_ANALYSIS_count -value "0" -context "vitis\\\\tool/1661409307641"
# webtalk_add_data -client vitis -key SPM_ANALYSIS_count -value "0" -context "vitis\\\\tool/1661409307641"
# webtalk_add_data -client vitis -key CROSS_TRIGGER_count -value "0" -context "vitis\\\\tool/1661409307641"
# webtalk_add_data -client vitis -key TCF_PROFILER_count -value "0" -context "vitis\\\\tool/1661409307641"
# webtalk_add_data -client vitis -key APPLICATION_PLATFORM_CHANGE_count -value "0" -context "vitis\\\\tool/1661409307641"
# webtalk_add_data -client vitis -key APPLICATION_SYS_CONFIG_CHANGE_count -value "0" -context "vitis\\\\tool/1661409307641"
# webtalk_add_data -client vitis -key SYSTEM_PLATFORM_CHANGE_count -value "0" -context "vitis\\\\tool/1661409307641"
# webtalk_transmit -clientid 3813247787 -regid "" -xml /home/zxy/Documents/zynq7010_axidma_axiuartlite/axidma_axiuartlite_vitis/webtalk/usage_statistics_ext_vitis.xml -html /home/zxy/Documents/zynq7010_axidma_axiuartlite/axidma_axiuartlite_vitis/webtalk/usage_statistics_ext_vitis.html -wdm /home/zxy/Documents/zynq7010_axidma_axiuartlite/axidma_axiuartlite_vitis/webtalk/vitis_webtalk.wdm -intro "<H3>Vitis Usage Report</H3><BR>"
webtalk_transmit: Time (s): cpu = 00:00:01 ; elapsed = 00:00:09 . Memory (MB): peak = 389.031 ; gain = 4.430 ; free physical = 1884 ; free virtual = 12004
# webtalk_terminate
INFO: [Common 17-206] Exiting Webtalk at Thu Aug 25 12:35:21 2022...
